<?xml version="1.0" encoding="UTF-8"?>
<testng-results ignored="0" total="2" passed="2" failed="0" skipped="0">
  <reporter-output>
  </reporter-output>
  <suite started-at="2022-04-29T13:51:38 IST" name="Default suite" finished-at="2022-04-29T13:51:50 IST" duration-ms="11740">
    <groups>
    </groups>
    <test started-at="2022-04-29T13:51:38 IST" name="Default test" finished-at="2022-04-29T13:51:50 IST" duration-ms="11740">
      <class name="Headlessbrowser.Headless">
        <test-method is-config="true" signature="chromeRun()[pri:0, instance:Headlessbrowser.Headless@6da21078]" started-at="2022-04-29T13:51:38 IST" name="chromeRun" finished-at="2022-04-29T13:51:44 IST" duration-ms="5559" status="PASS">
          <reporter-output>
          </reporter-output>
        </test-method> <!-- chromeRun -->
        <test-method signature="googleTitleTest()[pri:1, instance:Headlessbrowser.Headless@6da21078]" started-at="2022-04-29T13:51:44 IST" name="googleTitleTest" finished-at="2022-04-29T13:51:44 IST" duration-ms="13" status="PASS">
          <reporter-output>
          </reporter-output>
        </test-method> <!-- googleTitleTest -->
        <test-method is-config="true" signature="close()[pri:0, instance:Headlessbrowser.Headless@6da21078]" started-at="2022-04-29T13:51:44 IST" name="close" finished-at="2022-04-29T13:51:44 IST" duration-ms="667" status="PASS">
          <reporter-output>
          </reporter-output>
        </test-method> <!-- close -->
        <test-method is-config="true" signature="chromeRun()[pri:0, instance:Headlessbrowser.Headless@6da21078]" started-at="2022-04-29T13:51:44 IST" name="chromeRun" finished-at="2022-04-29T13:51:48 IST" duration-ms="3309" status="PASS">
          <reporter-output>
          </reporter-output>
        </test-method> <!-- chromeRun -->
        <test-method signature="FacebookTitleTest()[pri:2, instance:Headlessbrowser.Headless@6da21078]" started-at="2022-04-29T13:51:48 IST" name="FacebookTitleTest" finished-at="2022-04-29T13:51:49 IST" duration-ms="1535" status="PASS">
          <reporter-output>
          </reporter-output>
        </test-method> <!-- FacebookTitleTest -->
        <test-method is-config="true" signature="close()[pri:0, instance:Headlessbrowser.Headless@6da21078]" started-at="2022-04-29T13:51:49 IST" name="close" finished-at="2022-04-29T13:51:50 IST" duration-ms="613" status="PASS">
          <reporter-output>
          </reporter-output>
        </test-method> <!-- close -->
      </class> <!-- Headlessbrowser.Headless -->
    </test> <!-- Default test -->
  </suite> <!-- Default suite -->
</testng-results>
